[GIN-debug] [WARNING] Creating an Engine instance with the Logger and Recovery middleware already attached.

[GIN-debug] [WARNING] Running in "debug" mode. Switch to "release" mode in production.
 - using env:	export GIN_MODE=release
 - using code:	gin.SetMode(gin.ReleaseMode)

[GIN-debug] GET    /debug/pprof/             --> github.com/gin-contrib/pprof.pprofHandler.func1 (3 handlers)
[GIN-debug] GET    /debug/pprof/cmdline      --> github.com/gin-contrib/pprof.pprofHandler.func1 (3 handlers)
[GIN-debug] GET    /debug/pprof/profile      --> github.com/gin-contrib/pprof.pprofHandler.func1 (3 handlers)
[GIN-debug] POST   /debug/pprof/symbol       --> github.com/gin-contrib/pprof.pprofHandler.func1 (3 handlers)
[GIN-debug] GET    /debug/pprof/symbol       --> github.com/gin-contrib/pprof.pprofHandler.func1 (3 handlers)
[GIN-debug] GET    /debug/pprof/trace        --> github.com/gin-contrib/pprof.pprofHandler.func1 (3 handlers)
[GIN-debug] GET    /debug/pprof/allocs       --> github.com/gin-contrib/pprof.pprofHandler.func1 (3 handlers)
[GIN-debug] GET    /debug/pprof/block        --> github.com/gin-contrib/pprof.pprofHandler.func1 (3 handlers)
[GIN-debug] GET    /debug/pprof/goroutine    --> github.com/gin-contrib/pprof.pprofHandler.func1 (3 handlers)
[GIN-debug] GET    /debug/pprof/heap         --> github.com/gin-contrib/pprof.pprofHandler.func1 (3 handlers)
[GIN-debug] GET    /debug/pprof/mutex        --> github.com/gin-contrib/pprof.pprofHandler.func1 (3 handlers)
[GIN-debug] GET    /debug/pprof/threadcreate --> github.com/gin-contrib/pprof.pprofHandler.func1 (3 handlers)
[GIN-debug] GET    /                         --> goskeleton/routers.InitWebRouter.func1 (4 handlers)
[GIN-debug] GET    /public/*filepath         --> github.com/gin-gonic/gin.(*RouterGroup).createStaticHandler.func1 (4 handlers)
[GIN-debug] HEAD   /public/*filepath         --> github.com/gin-gonic/gin.(*RouterGroup).createStaticHandler.func1 (4 handlers)
[GIN-debug] GET    /captcha/                 --> goskeleton/app/http/controller/chaptcha.(*Captcha).GenerateId-fm (4 handlers)
[GIN-debug] GET    /captcha/:captcha_id      --> goskeleton/app/http/controller/chaptcha.(*Captcha).GetImg-fm (4 handlers)
[GIN-debug] GET    /captcha/:captcha_id/:captcha_value --> goskeleton/app/http/controller/chaptcha.(*Captcha).CheckCode-fm (4 handlers)
[GIN-debug] GET    /admin/ws                 --> goskeleton/app/http/validator/core/interf.ValidatorInterface.CheckParams-fm (4 handlers)
[GIN-debug] POST   /admin/users/login        --> goskeleton/app/http/validator/core/interf.ValidatorInterface.CheckParams-fm (5 handlers)
[GIN-debug] POST   /admin/users/refreshtoken --> goskeleton/app/http/validator/core/interf.ValidatorInterface.CheckParams-fm (5 handlers)
[GIN-debug] GET    /admin/users/list         --> goskeleton/app/http/validator/core/interf.ValidatorInterface.CheckParams-fm (6 handlers)
[GIN-debug] POST   /admin/users/create       --> goskeleton/app/http/validator/core/interf.ValidatorInterface.CheckParams-fm (6 handlers)
[GIN-debug] POST   /admin/users/edit         --> goskeleton/app/http/validator/core/interf.ValidatorInterface.CheckParams-fm (6 handlers)
[GIN-debug] POST   /admin/users/destroy      --> goskeleton/app/http/validator/core/interf.ValidatorInterface.CheckParams-fm (6 handlers)
[GIN-debug] GET    /admin/users/info         --> goskeleton/app/http/controller/web.(*Users).UserInfo-fm (6 handlers)
[GIN-debug] GET    /admin/users/personal_info --> goskeleton/app/http/controller/web.(*Users).GetPersonalInfo-fm (6 handlers)
[GIN-debug] POST   /admin/users/personal_edit --> goskeleton/app/http/validator/core/interf.ValidatorInterface.CheckParams-fm (6 handlers)
[GIN-debug] GET    /admin/users/has_view_button_list --> goskeleton/app/http/validator/core/interf.ValidatorInterface.CheckParams-fm (6 handlers)
[GIN-debug] POST   /admin/upload/files       --> goskeleton/app/http/validator/core/interf.ValidatorInterface.CheckParams-fm (6 handlers)
[GIN-debug] GET    /admin/organization/get_by_fid --> goskeleton/app/http/validator/core/interf.ValidatorInterface.CheckParams-fm (6 handlers)
[GIN-debug] GET    /admin/organization/list  --> goskeleton/app/http/validator/core/interf.ValidatorInterface.CheckParams-fm (6 handlers)
[GIN-debug] POST   /admin/organization/create --> goskeleton/app/http/validator/core/interf.ValidatorInterface.CheckParams-fm (6 handlers)
[GIN-debug] POST   /admin/organization/edit  --> goskeleton/app/http/validator/core/interf.ValidatorInterface.CheckParams-fm (6 handlers)
[GIN-debug] POST   /admin/organization/destroy --> goskeleton/app/http/validator/core/interf.ValidatorInterface.CheckParams-fm (6 handlers)
[GIN-debug] GET    /admin/post_members/list  --> goskeleton/app/http/validator/core/interf.ValidatorInterface.CheckParams-fm (6 handlers)
[GIN-debug] POST   /admin/post_members/create --> goskeleton/app/http/validator/core/interf.ValidatorInterface.CheckParams-fm (6 handlers)
[GIN-debug] POST   /admin/post_members/edit  --> goskeleton/app/http/validator/core/interf.ValidatorInterface.CheckParams-fm (6 handlers)
[GIN-debug] POST   /admin/post_members/destroy --> goskeleton/app/http/validator/core/interf.ValidatorInterface.CheckParams-fm (6 handlers)
[GIN-debug] GET    /admin/button_cn_en/list  --> goskeleton/app/http/validator/core/interf.ValidatorInterface.CheckParams-fm (6 handlers)
[GIN-debug] GET    /admin/system_menu/get_by_fid --> goskeleton/app/http/validator/core/interf.ValidatorInterface.CheckParams-fm (6 handlers)
[GIN-debug] GET    /admin/system_menu/list   --> goskeleton/app/http/validator/core/interf.ValidatorInterface.CheckParams-fm (6 handlers)
[GIN-debug] POST   /admin/system_menu/create --> goskeleton/app/http/validator/core/interf.ValidatorInterface.CheckParams-fm (6 handlers)
[GIN-debug] POST   /admin/system_menu/edit   --> goskeleton/app/http/validator/core/interf.ValidatorInterface.CheckParams-fm (6 handlers)
[GIN-debug] POST   /admin/system_menu/destroy --> goskeleton/app/http/validator/core/interf.ValidatorInterface.CheckParams-fm (6 handlers)
[GIN-debug] GET    /admin/system_menu/mount_auth_button --> goskeleton/app/http/validator/core/interf.ValidatorInterface.CheckParams-fm (6 handlers)
[GIN-debug] POST   /admin/system_menu/assgin_to_org --> goskeleton/app/http/validator/core/interf.ValidatorInterface.CheckParams-fm (6 handlers)
[GIN-debug] POST   /admin/system_menu/del_auth_from_org --> goskeleton/app/http/validator/core/interf.ValidatorInterface.CheckParams-fm (6 handlers)
[GIN-debug] GET    /admin/system_menu/all_list --> goskeleton/app/http/validator/core/interf.ValidatorInterface.CheckParams-fm (6 handlers)
[GIN-debug] GET    /admin/system_menu/assgined_list --> goskeleton/app/http/validator/core/interf.ValidatorInterface.CheckParams-fm (6 handlers)
[GIN-debug] GET    /admin/auth_analysis/user_list_with_post --> goskeleton/app/http/validator/core/interf.ValidatorInterface.CheckParams-fm (6 handlers)
[GIN-debug] GET    /admin/auth_analysis/has_auth_list --> goskeleton/app/http/validator/core/interf.ValidatorInterface.CheckParams-fm (6 handlers)
[GIN-debug] GET    /admin/button/list        --> goskeleton/app/http/validator/core/interf.ValidatorInterface.CheckParams-fm (6 handlers)
[GIN-debug] POST   /admin/button/create      --> goskeleton/app/http/validator/core/interf.ValidatorInterface.CheckParams-fm (6 handlers)
[GIN-debug] POST   /admin/button/edit        --> goskeleton/app/http/validator/core/interf.ValidatorInterface.CheckParams-fm (6 handlers)
[GIN-debug] POST   /admin/button/destroy     --> goskeleton/app/http/validator/core/interf.ValidatorInterface.CheckParams-fm (6 handlers)
[GIN-debug] GET    /admin/province_city/list --> goskeleton/app/http/validator/core/interf.ValidatorInterface.CheckParams-fm (6 handlers)
[GIN-debug] POST   /admin/province_city/create --> goskeleton/app/http/validator/core/interf.ValidatorInterface.CheckParams-fm (6 handlers)
[GIN-debug] POST   /admin/province_city/edit --> goskeleton/app/http/validator/core/interf.ValidatorInterface.CheckParams-fm (6 handlers)
[GIN-debug] POST   /admin/province_city/destroy --> goskeleton/app/http/validator/core/interf.ValidatorInterface.CheckParams-fm (6 handlers)
[GIN-debug] GET    /admin/province_city/get_sublist --> goskeleton/app/http/validator/core/interf.ValidatorInterface.CheckParams-fm (6 handlers)
[GIN-debug] Listening and serving HTTP on :8201
[GIN-debug] [WARNING] Creating an Engine instance with the Logger and Recovery middleware already attached.

[GIN-debug] [WARNING] Running in "debug" mode. Switch to "release" mode in production.
 - using env:	export GIN_MODE=release
 - using code:	gin.SetMode(gin.ReleaseMode)

[GIN-debug] GET    /debug/pprof/             --> github.com/gin-contrib/pprof.pprofHandler.func1 (3 handlers)
[GIN-debug] GET    /debug/pprof/cmdline      --> github.com/gin-contrib/pprof.pprofHandler.func1 (3 handlers)
[GIN-debug] GET    /debug/pprof/profile      --> github.com/gin-contrib/pprof.pprofHandler.func1 (3 handlers)
[GIN-debug] POST   /debug/pprof/symbol       --> github.com/gin-contrib/pprof.pprofHandler.func1 (3 handlers)
[GIN-debug] GET    /debug/pprof/symbol       --> github.com/gin-contrib/pprof.pprofHandler.func1 (3 handlers)
[GIN-debug] GET    /debug/pprof/trace        --> github.com/gin-contrib/pprof.pprofHandler.func1 (3 handlers)
[GIN-debug] GET    /debug/pprof/allocs       --> github.com/gin-contrib/pprof.pprofHandler.func1 (3 handlers)
[GIN-debug] GET    /debug/pprof/block        --> github.com/gin-contrib/pprof.pprofHandler.func1 (3 handlers)
[GIN-debug] GET    /debug/pprof/goroutine    --> github.com/gin-contrib/pprof.pprofHandler.func1 (3 handlers)
[GIN-debug] GET    /debug/pprof/heap         --> github.com/gin-contrib/pprof.pprofHandler.func1 (3 handlers)
[GIN-debug] GET    /debug/pprof/mutex        --> github.com/gin-contrib/pprof.pprofHandler.func1 (3 handlers)
[GIN-debug] GET    /debug/pprof/threadcreate --> github.com/gin-contrib/pprof.pprofHandler.func1 (3 handlers)
[GIN-debug] GET    /                         --> goskeleton/routers.InitWebRouter.func1 (4 handlers)
[GIN-debug] GET    /public/*filepath         --> github.com/gin-gonic/gin.(*RouterGroup).createStaticHandler.func1 (4 handlers)
[GIN-debug] HEAD   /public/*filepath         --> github.com/gin-gonic/gin.(*RouterGroup).createStaticHandler.func1 (4 handlers)
[GIN-debug] GET    /captcha/                 --> goskeleton/app/http/controller/chaptcha.(*Captcha).GenerateId-fm (4 handlers)
[GIN-debug] GET    /captcha/:captcha_id      --> goskeleton/app/http/controller/chaptcha.(*Captcha).GetImg-fm (4 handlers)
[GIN-debug] GET    /captcha/:captcha_id/:captcha_value --> goskeleton/app/http/controller/chaptcha.(*Captcha).CheckCode-fm (4 handlers)
[GIN-debug] GET    /admin/ws                 --> goskeleton/app/http/validator/core/interf.ValidatorInterface.CheckParams-fm (4 handlers)
[GIN-debug] POST   /admin/users/login        --> goskeleton/app/http/validator/core/interf.ValidatorInterface.CheckParams-fm (5 handlers)
[GIN-debug] POST   /admin/users/refreshtoken --> goskeleton/app/http/validator/core/interf.ValidatorInterface.CheckParams-fm (5 handlers)
[GIN-debug] GET    /admin/users/list         --> goskeleton/app/http/validator/core/interf.ValidatorInterface.CheckParams-fm (6 handlers)
[GIN-debug] POST   /admin/users/create       --> goskeleton/app/http/validator/core/interf.ValidatorInterface.CheckParams-fm (6 handlers)
[GIN-debug] POST   /admin/users/edit         --> goskeleton/app/http/validator/core/interf.ValidatorInterface.CheckParams-fm (6 handlers)
[GIN-debug] POST   /admin/users/destroy      --> goskeleton/app/http/validator/core/interf.ValidatorInterface.CheckParams-fm (6 handlers)
[GIN-debug] GET    /admin/users/info         --> goskeleton/app/http/controller/web.(*Users).UserInfo-fm (6 handlers)
[GIN-debug] GET    /admin/users/personal_info --> goskeleton/app/http/controller/web.(*Users).GetPersonalInfo-fm (6 handlers)
[GIN-debug] POST   /admin/users/personal_edit --> goskeleton/app/http/validator/core/interf.ValidatorInterface.CheckParams-fm (6 handlers)
[GIN-debug] GET    /admin/users/has_view_button_list --> goskeleton/app/http/validator/core/interf.ValidatorInterface.CheckParams-fm (6 handlers)
[GIN-debug] POST   /admin/upload/files       --> goskeleton/app/http/validator/core/interf.ValidatorInterface.CheckParams-fm (6 handlers)
[GIN-debug] GET    /admin/organization/get_by_fid --> goskeleton/app/http/validator/core/interf.ValidatorInterface.CheckParams-fm (6 handlers)
[GIN-debug] GET    /admin/organization/list  --> goskeleton/app/http/validator/core/interf.ValidatorInterface.CheckParams-fm (6 handlers)
[GIN-debug] POST   /admin/organization/create --> goskeleton/app/http/validator/core/interf.ValidatorInterface.CheckParams-fm (6 handlers)
[GIN-debug] POST   /admin/organization/edit  --> goskeleton/app/http/validator/core/interf.ValidatorInterface.CheckParams-fm (6 handlers)
[GIN-debug] POST   /admin/organization/destroy --> goskeleton/app/http/validator/core/interf.ValidatorInterface.CheckParams-fm (6 handlers)
[GIN-debug] GET    /admin/post_members/list  --> goskeleton/app/http/validator/core/interf.ValidatorInterface.CheckParams-fm (6 handlers)
[GIN-debug] POST   /admin/post_members/create --> goskeleton/app/http/validator/core/interf.ValidatorInterface.CheckParams-fm (6 handlers)
[GIN-debug] POST   /admin/post_members/edit  --> goskeleton/app/http/validator/core/interf.ValidatorInterface.CheckParams-fm (6 handlers)
[GIN-debug] POST   /admin/post_members/destroy --> goskeleton/app/http/validator/core/interf.ValidatorInterface.CheckParams-fm (6 handlers)
[GIN-debug] GET    /admin/button_cn_en/list  --> goskeleton/app/http/validator/core/interf.ValidatorInterface.CheckParams-fm (6 handlers)
[GIN-debug] GET    /admin/system_menu/get_by_fid --> goskeleton/app/http/validator/core/interf.ValidatorInterface.CheckParams-fm (6 handlers)
[GIN-debug] GET    /admin/system_menu/list   --> goskeleton/app/http/validator/core/interf.ValidatorInterface.CheckParams-fm (6 handlers)
[GIN-debug] POST   /admin/system_menu/create --> goskeleton/app/http/validator/core/interf.ValidatorInterface.CheckParams-fm (6 handlers)
[GIN-debug] POST   /admin/system_menu/edit   --> goskeleton/app/http/validator/core/interf.ValidatorInterface.CheckParams-fm (6 handlers)
[GIN-debug] POST   /admin/system_menu/destroy --> goskeleton/app/http/validator/core/interf.ValidatorInterface.CheckParams-fm (6 handlers)
[GIN-debug] GET    /admin/system_menu/mount_auth_button --> goskeleton/app/http/validator/core/interf.ValidatorInterface.CheckParams-fm (6 handlers)
[GIN-debug] POST   /admin/system_menu/assgin_to_org --> goskeleton/app/http/validator/core/interf.ValidatorInterface.CheckParams-fm (6 handlers)
[GIN-debug] POST   /admin/system_menu/del_auth_from_org --> goskeleton/app/http/validator/core/interf.ValidatorInterface.CheckParams-fm (6 handlers)
[GIN-debug] GET    /admin/system_menu/all_list --> goskeleton/app/http/validator/core/interf.ValidatorInterface.CheckParams-fm (6 handlers)
[GIN-debug] GET    /admin/system_menu/assgined_list --> goskeleton/app/http/validator/core/interf.ValidatorInterface.CheckParams-fm (6 handlers)
[GIN-debug] GET    /admin/auth_analysis/user_list_with_post --> goskeleton/app/http/validator/core/interf.ValidatorInterface.CheckParams-fm (6 handlers)
[GIN-debug] GET    /admin/auth_analysis/has_auth_list --> goskeleton/app/http/validator/core/interf.ValidatorInterface.CheckParams-fm (6 handlers)
[GIN-debug] GET    /admin/button/list        --> goskeleton/app/http/validator/core/interf.ValidatorInterface.CheckParams-fm (6 handlers)
[GIN-debug] POST   /admin/button/create      --> goskeleton/app/http/validator/core/interf.ValidatorInterface.CheckParams-fm (6 handlers)
[GIN-debug] POST   /admin/button/edit        --> goskeleton/app/http/validator/core/interf.ValidatorInterface.CheckParams-fm (6 handlers)
[GIN-debug] POST   /admin/button/destroy     --> goskeleton/app/http/validator/core/interf.ValidatorInterface.CheckParams-fm (6 handlers)
[GIN-debug] GET    /admin/province_city/list --> goskeleton/app/http/validator/core/interf.ValidatorInterface.CheckParams-fm (6 handlers)
[GIN-debug] POST   /admin/province_city/create --> goskeleton/app/http/validator/core/interf.ValidatorInterface.CheckParams-fm (6 handlers)
[GIN-debug] POST   /admin/province_city/edit --> goskeleton/app/http/validator/core/interf.ValidatorInterface.CheckParams-fm (6 handlers)
[GIN-debug] POST   /admin/province_city/destroy --> goskeleton/app/http/validator/core/interf.ValidatorInterface.CheckParams-fm (6 handlers)
[GIN-debug] GET    /admin/province_city/get_sublist --> goskeleton/app/http/validator/core/interf.ValidatorInterface.CheckParams-fm (6 handlers)
[GIN-debug] Listening and serving HTTP on :8201
